<?xml version="1.0" encoding="UTF-8"?>
<!-- Generated by org.testng.reporters.JUnitReportReporter -->
<testsuite hostname="LAPTOP-VV98PUED" failures="0" tests="1" name="Sumvalidation" time="1.371" errors="0" timestamp="2023-08-12T19:17:36 IST" skipped="0">
  <testcase classname="Sumvalidation" name="sumofcourses" time="1.371"/>
  <system-out/>
</testsuite> <!-- Sumvalidation -->
